Reading authors from JSON files...

Found 26 unique authors:

  1. Gopāl Govinda Mahanta
  2. Kālidās
  3. Śrī Satyavrat Muni
  4. Śrīla Bhakti Rakṣak Śrīdhar Dev-Goswāmī Mahārāj
  5. Śrīla Bhakti Siddhānta Saraswatī Ṭhākur
  6. Śrīla Bhakti Sudhīr Goswāmī Mahārāj
  7. Śrīla Bhakti Sundar Govinda Dev-Goswāmī Mahārāj
  8. Śrīla Bhakti Vinod Ṭhākur
  9. Śrīla Chandraśekhara Kavi
 10. Śrīla Govinda Dās Kavirāj
 11. Śrīla Jayadeva Goswāmī
 12. Śrīla Kṛṣṇadās Kavirāj Goswāmī
 13. Śrīla Lochan Dās Ṭhākur
 14. Śrīla Narottam Dās Ṭhākur
 15. Śrīla Nayanānanda Dās
 16. Śrīla Premānanda Dās
 17. Śrīla Raghunāth Dās Goswāmī Prabhu.
 18. Śrīla Rūpa Goswāmī
 19. Śrīla Saraswati Ṭhākur
 20. Śrīla Vidyāpati
 21. Śrīla Viśvanāth Chakravartī Ṭhākur
 22. Śrīla Vāsudeva Ghoṣa
 23. Śrīla Vṛndāvan Dās Ṭhākur
 24. Śrīla Śrīnivās Āchārya
 25. Śrīpād B. A. Paramahaṁsa Mahārāj
 26. Śrīpād Bhakti Ānanda Sāgar Mahārāj
